  [1m[36m (1.5ms)[0m  [1mCREATE TABLE "schema_migrations" ("version" varchar(255) NOT NULL) [0m
  [1m[35m (1.7ms)[0m  CREATE UNIQUE INDEX "unique_schema_migrations" ON "schema_migrations" ("version")
  [1m[36mActiveRecord::SchemaMigration Load (0.1ms)[0m  [1mSELECT "schema_migrations".* FROM "schema_migrations"[0m
Migrating to CreateChallenges (20130512104233)
  [1m[35m (0.3ms)[0m  begin transaction
  [1m[36m (0.8ms)[0m  [1mCREATE TABLE "challenges" ("id" INTEGER PRIMARY KEY AUTOINCREMENT NOT NULL, "name" varchar(255), "description" text, "start_date" date, "end_date" date, "created_at" datetime, "updated_at" datetime) [0m
  [1m[35mSQL (0.4ms)[0m  INSERT INTO "schema_migrations" ("version") VALUES (?)  [["version", "20130512104233"]]
  [1m[36m (1.4ms)[0m  [1mcommit transaction[0m
  [1m[35mActiveRecord::SchemaMigration Load (0.1ms)[0m  SELECT "schema_migrations".* FROM "schema_migrations"
  [1m[36m (0.4ms)[0m  [1mbegin transaction[0m
  [1m[35mSQL (107.6ms)[0m  INSERT INTO "challenges" ("created_at", "description", "end_date", "name", "start_date", "updated_at") VALUES (?, ?, ?, ?, ?, ?)  [["created_at", Sun, 12 May 2013 11:05:27 UTC +00:00], ["description", "This month we are looking to commit to as many kilometers as we can"], ["end_date", Sun, 30 Jun 2013], ["name", "June KM Smash"], ["start_date", Sat, 01 Jun 2013], ["updated_at", Sun, 12 May 2013 11:05:27 UTC +00:00]]
  [1m[36m (1.3ms)[0m  [1mcommit transaction[0m
  [1m[35mChallenge Load (0.4ms)[0m  SELECT "challenges".* FROM "challenges" WHERE "challenges"."id" = ? LIMIT 1  [["id", 1]]


Started GET "/dashboard" for 127.0.0.1 at 2013-05-12 21:07:17 +1000
Processing by DashboardController#index as HTML
  [1m[36mChallenge Load (28.0ms)[0m  [1mSELECT "challenges".* FROM "challenges" ORDER BY "challenges"."id" ASC LIMIT 1[0m
  Rendered dashboard/index.html.erb within layouts/application (2.5ms)
Completed 200 OK in 1633ms (Views: 1538.3ms | ActiveRecord: 28.7ms)


Started GET "/assets/dashboard.css?body=1" for 127.0.0.1 at 2013-05-12 21:07:21 +1000


Started GET "/assets/challenges.css?body=1" for 127.0.0.1 at 2013-05-12 21:07:21 +1000


Started GET "/assets/application.css?body=1" for 127.0.0.1 at 2013-05-12 21:07:21 +1000


Started GET "/assets/dashboard.js?body=1" for 127.0.0.1 at 2013-05-12 21:07:21 +1000


Started GET "/assets/jquery.js?body=1" for 127.0.0.1 at 2013-05-12 21:07:21 +1000


Started GET "/assets/challenges.js?body=1" for 127.0.0.1 at 2013-05-12 21:07:21 +1000


Started GET "/assets/jquery_ujs.js?body=1" for 127.0.0.1 at 2013-05-12 21:07:21 +1000


Started GET "/assets/turbolinks.js?body=1" for 127.0.0.1 at 2013-05-12 21:07:21 +1000


Started GET "/assets/application.js?body=1" for 127.0.0.1 at 2013-05-12 21:07:21 +1000


Started GET "/dashboard" for 127.0.0.1 at 2013-05-12 21:09:15 +1000
Processing by DashboardController#index as HTML
  [1m[35mChallenge Load (0.3ms)[0m  SELECT "challenges".* FROM "challenges" ORDER BY "challenges"."id" ASC LIMIT 1
  Rendered dashboard/index.html.erb within layouts/application (1.3ms)
Completed 200 OK in 29ms (Views: 26.2ms | ActiveRecord: 0.3ms)


Started GET "/assets/challenges.css?body=1" for 127.0.0.1 at 2013-05-12 21:09:15 +1000


Started GET "/assets/turbolinks.js?body=1" for 127.0.0.1 at 2013-05-12 21:09:15 +1000


Started GET "/assets/application.css?body=1" for 127.0.0.1 at 2013-05-12 21:09:15 +1000


Started GET "/assets/jquery_ujs.js?body=1" for 127.0.0.1 at 2013-05-12 21:09:15 +1000


Started GET "/assets/dashboard.css?body=1" for 127.0.0.1 at 2013-05-12 21:09:15 +1000


Started GET "/assets/jquery.js?body=1" for 127.0.0.1 at 2013-05-12 21:09:16 +1000


Started GET "/assets/challenges.js?body=1" for 127.0.0.1 at 2013-05-12 21:09:16 +1000


Started GET "/assets/dashboard.js?body=1" for 127.0.0.1 at 2013-05-12 21:09:16 +1000


Started GET "/assets/application.js?body=1" for 127.0.0.1 at 2013-05-12 21:09:16 +1000


Started GET "/dashboard" for 127.0.0.1 at 2013-05-12 21:09:52 +1000
Processing by DashboardController#index as HTML
  [1m[36mChallenge Load (0.3ms)[0m  [1mSELECT "challenges".* FROM "challenges" ORDER BY "challenges"."id" ASC LIMIT 1[0m
  Rendered dashboard/index.html.erb within layouts/application (23.8ms)
Completed 500 Internal Server Error in 31ms

ActionView::Template::Error (can't convert Date into an exact number):
    1: <h1>DM Challenge</h1>
    2: 
    3: <h2><%= @challenge.name %></h2>
    4: <h3><%= Time.now - @challenge.start_date %></h3>
  app/views/dashboard/index.html.erb:4:in `_app_views_dashboard_index_html_erb__2547098777091738369_70299984451440'


  Rendered /Users/justinh/.rbenv/versions/2.0.0-p0/lib/ruby/gems/2.0.0/gems/actionpack-4.0.0.rc1/lib/action_dispatch/middleware/templates/rescues/_trace.erb (2.6ms)
  Rendered /Users/justinh/.rbenv/versions/2.0.0-p0/lib/ruby/gems/2.0.0/gems/actionpack-4.0.0.rc1/lib/action_dispatch/middleware/templates/rescues/_request_and_response.erb (2.2ms)
  Rendered /Users/justinh/.rbenv/versions/2.0.0-p0/lib/ruby/gems/2.0.0/gems/actionpack-4.0.0.rc1/lib/action_dispatch/middleware/templates/rescues/template_error.erb within rescues/layout (30.1ms)


Started GET "/dashboard" for 127.0.0.1 at 2013-05-12 21:10:10 +1000
Processing by DashboardController#index as HTML
  [1m[35mChallenge Load (0.2ms)[0m  SELECT "challenges".* FROM "challenges" ORDER BY "challenges"."id" ASC LIMIT 1
ERROR: compiling _app_views_dashboard_index_html_erb__2547098777091738369_70299968338520 RAISED /Users/justinh/code/dm-challenge/app/views/dashboard/index.html.erb:5: syntax error, unexpected keyword_ensure, expecting ')'
/Users/justinh/code/dm-challenge/app/views/dashboard/index.html.erb:7: syntax error, unexpected keyword_end, expecting ')'
Function body:           def _app_views_dashboard_index_html_erb__2547098777091738369_70299968338520(local_assigns, output_buffer)
            _old_virtual_path, @virtual_path = @virtual_path, "dashboard/index";_old_output_buffer = @output_buffer;;@output_buffer = output_buffer || ActionView::OutputBuffer.new;@output_buffer.safe_append='<h1>DM Challenge</h1>

<h2>';@output_buffer.append=( @challenge.name );@output_buffer.safe_append='</h2>
<h3>';@output_buffer.append=( Date.now #@challenge.start_date );@output_buffer.safe_append='</h3>';@output_buffer.to_s
          ensure
            @virtual_path, @output_buffer = _old_virtual_path, _old_output_buffer
          end

Backtrace: /Users/justinh/.rbenv/versions/2.0.0-p0/lib/ruby/gems/2.0.0/gems/actionpack-4.0.0.rc1/lib/action_view/template.rb:299:in `module_eval'
/Users/justinh/.rbenv/versions/2.0.0-p0/lib/ruby/gems/2.0.0/gems/actionpack-4.0.0.rc1/lib/action_view/template.rb:299:in `compile'
/Users/justinh/.rbenv/versions/2.0.0-p0/lib/ruby/gems/2.0.0/gems/actionpack-4.0.0.rc1/lib/action_view/template.rb:248:in `block in compile!'
/Users/justinh/.rbenv/versions/2.0.0-p0/lib/ruby/gems/2.0.0/gems/actionpack-4.0.0.rc1/lib/action_view/template.rb:236:in `synchronize'
/Users/justinh/.rbenv/versions/2.0.0-p0/lib/ruby/gems/2.0.0/gems/actionpack-4.0.0.rc1/lib/action_view/template.rb:236:in `compile!'
/Users/justinh/.rbenv/versions/2.0.0-p0/lib/ruby/gems/2.0.0/gems/actionpack-4.0.0.rc1/lib/action_view/template.rb:142:in `block in render'
/Users/justinh/.rbenv/versions/2.0.0-p0/lib/ruby/gems/2.0.0/gems/activesupport-4.0.0.rc1/lib/active_support/notifications.rb:161:in `instrument'
/Users/justinh/.rbenv/versions/2.0.0-p0/lib/ruby/gems/2.0.0/gems/actionpack-4.0.0.rc1/lib/action_view/template.rb:141:in `render'
/Users/justinh/.rbenv/versions/2.0.0-p0/lib/ruby/gems/2.0.0/gems/actionpack-4.0.0.rc1/lib/action_view/renderer/template_renderer.rb:49:in `block (2 levels) in render_template'
/Users/justinh/.rbenv/versions/2.0.0-p0/lib/ruby/gems/2.0.0/gems/actionpack-4.0.0.rc1/lib/action_view/renderer/abstract_renderer.rb:38:in `block in instrument'
/Users/justinh/.rbenv/versions/2.0.0-p0/lib/ruby/gems/2.0.0/gems/activesupport-4.0.0.rc1/lib/active_support/notifications.rb:159:in `block in instrument'
/Users/justinh/.rbenv/versions/2.0.0-p0/lib/ruby/gems/2.0.0/gems/activesupport-4.0.0.rc1/lib/active_support/notifications/instrumenter.rb:20:in `instrument'
/Users/justinh/.rbenv/versions/2.0.0-p0/lib/ruby/gems/2.0.0/gems/activesupport-4.0.0.rc1/lib/active_support/notifications.rb:159:in `instrument'
/Users/justinh/.rbenv/versions/2.0.0-p0/lib/ruby/gems/2.0.0/gems/actionpack-4.0.0.rc1/lib/action_view/renderer/abstract_renderer.rb:38:in `instrument'
/Users/justinh/.rbenv/versions/2.0.0-p0/lib/ruby/gems/2.0.0/gems/actionpack-4.0.0.rc1/lib/action_view/renderer/template_renderer.rb:48:in `block in render_template'
/Users/justinh/.rbenv/versions/2.0.0-p0/lib/ruby/gems/2.0.0/gems/actionpack-4.0.0.rc1/lib/action_view/renderer/template_renderer.rb:56:in `render_with_layout'
/Users/justinh/.rbenv/versions/2.0.0-p0/lib/ruby/gems/2.0.0/gems/actionpack-4.0.0.rc1/lib/action_view/renderer/template_renderer.rb:47:in `render_template'
/Users/justinh/.rbenv/versions/2.0.0-p0/lib/ruby/gems/2.0.0/gems/actionpack-4.0.0.rc1/lib/action_view/renderer/template_renderer.rb:17:in `render'
/Users/justinh/.rbenv/versions/2.0.0-p0/lib/ruby/gems/2.0.0/gems/actionpack-4.0.0.rc1/lib/action_view/renderer/renderer.rb:42:in `render_template'
/Users/justinh/.rbenv/versions/2.0.0-p0/lib/ruby/gems/2.0.0/gems/actionpack-4.0.0.rc1/lib/action_view/renderer/renderer.rb:23:in `render'
/Users/justinh/.rbenv/versions/2.0.0-p0/lib/ruby/gems/2.0.0/gems/actionpack-4.0.0.rc1/lib/abstract_controller/rendering.rb:127:in `_render_template'
/Users/justinh/.rbenv/versions/2.0.0-p0/lib/ruby/gems/2.0.0/gems/actionpack-4.0.0.rc1/lib/action_controller/metal/streaming.rb:219:in `_render_template'
/Users/justinh/.rbenv/versions/2.0.0-p0/lib/ruby/gems/2.0.0/gems/actionpack-4.0.0.rc1/lib/abstract_controller/rendering.rb:120:in `render_to_body'
/Users/justinh/.rbenv/versions/2.0.0-p0/lib/ruby/gems/2.0.0/gems/actionpack-4.0.0.rc1/lib/action_controller/metal/rendering.rb:33:in `render_to_body'
/Users/justinh/.rbenv/versions/2.0.0-p0/lib/ruby/gems/2.0.0/gems/actionpack-4.0.0.rc1/lib/action_controller/metal/renderers.rb:26:in `render_to_body'
/Users/justinh/.rbenv/versions/2.0.0-p0/lib/ruby/gems/2.0.0/gems/actionpack-4.0.0.rc1/lib/abstract_controller/rendering.rb:97:in `render'
/Users/justinh/.rbenv/versions/2.0.0-p0/lib/ruby/gems/2.0.0/gems/actionpack-4.0.0.rc1/lib/action_controller/metal/rendering.rb:16:in `render'
/Users/justinh/.rbenv/versions/2.0.0-p0/lib/ruby/gems/2.0.0/gems/actionpack-4.0.0.rc1/lib/action_controller/metal/instrumentation.rb:41:in `block (2 levels) in render'
/Users/justinh/.rbenv/versions/2.0.0-p0/lib/ruby/gems/2.0.0/gems/activesupport-4.0.0.rc1/lib/active_support/core_ext/benchmark.rb:12:in `block in ms'
/Users/justinh/.rbenv/versions/2.0.0-p0/lib/ruby/2.0.0/benchmark.rb:296:in `realtime'
/Users/justinh/.rbenv/versions/2.0.0-p0/lib/ruby/gems/2.0.0/gems/activesupport-4.0.0.rc1/lib/active_support/core_ext/benchmark.rb:12:in `ms'
/Users/justinh/.rbenv/versions/2.0.0-p0/lib/ruby/gems/2.0.0/gems/actionpack-4.0.0.rc1/lib/action_controller/metal/instrumentation.rb:41:in `block in render'
/Users/justinh/.rbenv/versions/2.0.0-p0/lib/ruby/gems/2.0.0/gems/actionpack-4.0.0.rc1/lib/action_controller/metal/instrumentation.rb:84:in `cleanup_view_runtime'
/Users/justinh/.rbenv/versions/2.0.0-p0/lib/ruby/gems/2.0.0/gems/activerecord-4.0.0.rc1/lib/active_record/railties/controller_runtime.rb:25:in `cleanup_view_runtime'
/Users/justinh/.rbenv/versions/2.0.0-p0/lib/ruby/gems/2.0.0/gems/actionpack-4.0.0.rc1/lib/action_controller/metal/instrumentation.rb:40:in `render'
/Users/justinh/.rbenv/versions/2.0.0-p0/lib/ruby/gems/2.0.0/gems/actionpack-4.0.0.rc1/lib/action_controller/metal/implicit_render.rb:10:in `default_render'
/Users/justinh/.rbenv/versions/2.0.0-p0/lib/ruby/gems/2.0.0/gems/actionpack-4.0.0.rc1/lib/action_controller/metal/implicit_render.rb:5:in `send_action'
/Users/justinh/.rbenv/versions/2.0.0-p0/lib/ruby/gems/2.0.0/gems/actionpack-4.0.0.rc1/lib/abstract_controller/base.rb:189:in `process_action'
/Users/justinh/.rbenv/versions/2.0.0-p0/lib/ruby/gems/2.0.0/gems/actionpack-4.0.0.rc1/lib/action_controller/metal/rendering.rb:10:in `process_action'
/Users/justinh/.rbenv/versions/2.0.0-p0/lib/ruby/gems/2.0.0/gems/actionpack-4.0.0.rc1/lib/abstract_controller/callbacks.rb:18:in `block in process_action'
/Users/justinh/.rbenv/versions/2.0.0-p0/lib/ruby/gems/2.0.0/gems/activesupport-4.0.0.rc1/lib/active_support/callbacks.rb:422:in `_run__309150335895117267__process_action__callbacks'
/Users/justinh/.rbenv/versions/2.0.0-p0/lib/ruby/gems/2.0.0/gems/activesupport-4.0.0.rc1/lib/active_support/callbacks.rb:80:in `run_callbacks'
/Users/justinh/.rbenv/versions/2.0.0-p0/lib/ruby/gems/2.0.0/gems/actionpack-4.0.0.rc1/lib/abstract_controller/callbacks.rb:17:in `process_action'
/Users/justinh/.rbenv/versions/2.0.0-p0/lib/ruby/gems/2.0.0/gems/actionpack-4.0.0.rc1/lib/action_controller/metal/rescue.rb:29:in `process_action'
/Users/justinh/.rbenv/versions/2.0.0-p0/lib/ruby/gems/2.0.0/gems/actionpack-4.0.0.rc1/lib/action_controller/metal/instrumentation.rb:31:in `block in process_action'
/Users/justinh/.rbenv/versions/2.0.0-p0/lib/ruby/gems/2.0.0/gems/activesupport-4.0.0.rc1/lib/active_support/notifications.rb:159:in `block in instrument'
/Users/justinh/.rbenv/versions/2.0.0-p0/lib/ruby/gems/2.0.0/gems/activesupport-4.0.0.rc1/lib/active_support/notifications/instrumenter.rb:20:in `instrument'
/Users/justinh/.rbenv/versions/2.0.0-p0/lib/ruby/gems/2.0.0/gems/activesupport-4.0.0.rc1/lib/active_support/notifications.rb:159:in `instrument'
/Users/justinh/.rbenv/versions/2.0.0-p0/lib/ruby/gems/2.0.0/gems/actionpack-4.0.0.rc1/lib/action_controller/metal/instrumentation.rb:30:in `process_action'
/Users/justinh/.rbenv/versions/2.0.0-p0/lib/ruby/gems/2.0.0/gems/actionpack-4.0.0.rc1/lib/action_controller/metal/params_wrapper.rb:245:in `process_action'
/Users/justinh/.rbenv/versions/2.0.0-p0/lib/ruby/gems/2.0.0/gems/activerecord-4.0.0.rc1/lib/active_record/railties/controller_runtime.rb:18:in `process_action'
/Users/justinh/.rbenv/versions/2.0.0-p0/lib/ruby/gems/2.0.0/gems/actionpack-4.0.0.rc1/lib/abstract_controller/base.rb:136:in `process'
/Users/justinh/.rbenv/versions/2.0.0-p0/lib/ruby/gems/2.0.0/gems/actionpack-4.0.0.rc1/lib/abstract_controller/rendering.rb:44:in `process'
/Users/justinh/.rbenv/versions/2.0.0-p0/lib/ruby/gems/2.0.0/gems/actionpack-4.0.0.rc1/lib/action_controller/metal.rb:195:in `dispatch'
/Users/justinh/.rbenv/versions/2.0.0-p0/lib/ruby/gems/2.0.0/gems/actionpack-4.0.0.rc1/lib/action_controller/metal/rack_delegation.rb:13:in `dispatch'
/Users/justinh/.rbenv/versions/2.0.0-p0/lib/ruby/gems/2.0.0/gems/actionpack-4.0.0.rc1/lib/action_controller/metal.rb:231:in `block in action'
/Users/justinh/.rbenv/versions/2.0.0-p0/lib/ruby/gems/2.0.0/gems/actionpack-4.0.0.rc1/lib/action_dispatch/routing/route_set.rb:80:in `call'
/Users/justinh/.rbenv/versions/2.0.0-p0/lib/ruby/gems/2.0.0/gems/actionpack-4.0.0.rc1/lib/action_dispatch/routing/route_set.rb:80:in `dispatch'
/Users/justinh/.rbenv/versions/2.0.0-p0/lib/ruby/gems/2.0.0/gems/actionpack-4.0.0.rc1/lib/action_dispatch/routing/route_set.rb:48:in `call'
/Users/justinh/.rbenv/versions/2.0.0-p0/lib/ruby/gems/2.0.0/gems/actionpack-4.0.0.rc1/lib/action_dispatch/journey/router.rb:71:in `block in call'
/Users/justinh/.rbenv/versions/2.0.0-p0/lib/ruby/gems/2.0.0/gems/actionpack-4.0.0.rc1/lib/action_dispatch/journey/router.rb:59:in `each'
/Users/justinh/.rbenv/versions/2.0.0-p0/lib/ruby/gems/2.0.0/gems/actionpack-4.0.0.rc1/lib/action_dispatch/journey/router.rb:59:in `call'
/Users/justinh/.rbenv/versions/2.0.0-p0/lib/ruby/gems/2.0.0/gems/actionpack-4.0.0.rc1/lib/action_dispatch/routing/route_set.rb:654:in `call'
/Users/justinh/.rbenv/versions/2.0.0-p0/lib/ruby/gems/2.0.0/gems/rack-1.5.2/lib/rack/etag.rb:23:in `call'
/Users/justinh/.rbenv/versions/2.0.0-p0/lib/ruby/gems/2.0.0/gems/rack-1.5.2/lib/rack/conditionalget.rb:25:in `call'
/Users/justinh/.rbenv/versions/2.0.0-p0/lib/ruby/gems/2.0.0/gems/rack-1.5.2/lib/rack/head.rb:11:in `call'
/Users/justinh/.rbenv/versions/2.0.0-p0/lib/ruby/gems/2.0.0/gems/actionpack-4.0.0.rc1/lib/action_dispatch/middleware/params_parser.rb:27:in `call'
/Users/justinh/.rbenv/versions/2.0.0-p0/lib/ruby/gems/2.0.0/gems/actionpack-4.0.0.rc1/lib/action_dispatch/middleware/flash.rb:241:in `call'
/Users/justinh/.rbenv/versions/2.0.0-p0/lib/ruby/gems/2.0.0/gems/rack-1.5.2/lib/rack/session/abstract/id.rb:225:in `context'
/Users/justinh/.rbenv/versions/2.0.0-p0/lib/ruby/gems/2.0.0/gems/rack-1.5.2/lib/rack/session/abstract/id.rb:220:in `call'
/Users/justinh/.rbenv/versions/2.0.0-p0/lib/ruby/gems/2.0.0/gems/actionpack-4.0.0.rc1/lib/action_dispatch/middleware/cookies.rb:486:in `call'
/Users/justinh/.rbenv/versions/2.0.0-p0/lib/ruby/gems/2.0.0/gems/activerecord-4.0.0.rc1/lib/active_record/query_cache.rb:36:in `call'
/Users/justinh/.rbenv/versions/2.0.0-p0/lib/ruby/gems/2.0.0/gems/activerecord-4.0.0.rc1/lib/active_record/connection_adapters/abstract/connection_pool.rb:626:in `call'
/Users/justinh/.rbenv/versions/2.0.0-p0/lib/ruby/gems/2.0.0/gems/activerecord-4.0.0.rc1/lib/active_record/migration.rb:366:in `call'
/Users/justinh/.rbenv/versions/2.0.0-p0/lib/ruby/gems/2.0.0/gems/actionpack-4.0.0.rc1/lib/action_dispatch/middleware/callbacks.rb:29:in `block in call'
/Users/justinh/.rbenv/versions/2.0.0-p0/lib/ruby/gems/2.0.0/gems/activesupport-4.0.0.rc1/lib/active_support/callbacks.rb:392:in `_run__1966860395831254151__call__callbacks'
/Users/justinh/.rbenv/versions/2.0.0-p0/lib/ruby/gems/2.0.0/gems/activesupport-4.0.0.rc1/lib/active_support/callbacks.rb:80:in `run_callbacks'
/Users/justinh/.rbenv/versions/2.0.0-p0/lib/ruby/gems/2.0.0/gems/actionpack-4.0.0.rc1/lib/action_dispatch/middleware/callbacks.rb:27:in `call'
/Users/justinh/.rbenv/versions/2.0.0-p0/lib/ruby/gems/2.0.0/gems/actionpack-4.0.0.rc1/lib/action_dispatch/middleware/reloader.rb:64:in `call'
/Users/justinh/.rbenv/versions/2.0.0-p0/lib/ruby/gems/2.0.0/gems/actionpack-4.0.0.rc1/lib/action_dispatch/middleware/remote_ip.rb:76:in `call'
/Users/justinh/.rbenv/versions/2.0.0-p0/lib/ruby/gems/2.0.0/gems/actionpack-4.0.0.rc1/lib/action_dispatch/middleware/debug_exceptions.rb:17:in `call'
/Users/justinh/.rbenv/versions/2.0.0-p0/lib/ruby/gems/2.0.0/gems/actionpack-4.0.0.rc1/lib/action_dispatch/middleware/show_exceptions.rb:30:in `call'
/Users/justinh/.rbenv/versions/2.0.0-p0/lib/ruby/gems/2.0.0/gems/railties-4.0.0.rc1/lib/rails/rack/logger.rb:38:in `call_app'
/Users/justinh/.rbenv/versions/2.0.0-p0/lib/ruby/gems/2.0.0/gems/railties-4.0.0.rc1/lib/rails/rack/logger.rb:21:in `block in call'
/Users/justinh/.rbenv/versions/2.0.0-p0/lib/ruby/gems/2.0.0/gems/activesupport-4.0.0.rc1/lib/active_support/tagged_logging.rb:67:in `block in tagged'
/Users/justinh/.rbenv/versions/2.0.0-p0/lib/ruby/gems/2.0.0/gems/activesupport-4.0.0.rc1/lib/active_support/tagged_logging.rb:25:in `tagged'
/Users/justinh/.rbenv/versions/2.0.0-p0/lib/ruby/gems/2.0.0/gems/activesupport-4.0.0.rc1/lib/active_support/tagged_logging.rb:67:in `tagged'
/Users/justinh/.rbenv/versions/2.0.0-p0/lib/ruby/gems/2.0.0/gems/railties-4.0.0.rc1/lib/rails/rack/logger.rb:21:in `call'
/Users/justinh/.rbenv/versions/2.0.0-p0/lib/ruby/gems/2.0.0/gems/actionpack-4.0.0.rc1/lib/action_dispatch/middleware/request_id.rb:21:in `call'
/Users/justinh/.rbenv/versions/2.0.0-p0/lib/ruby/gems/2.0.0/gems/rack-1.5.2/lib/rack/methodoverride.rb:21:in `call'
/Users/justinh/.rbenv/versions/2.0.0-p0/lib/ruby/gems/2.0.0/gems/rack-1.5.2/lib/rack/runtime.rb:17:in `call'
/Users/justinh/.rbenv/versions/2.0.0-p0/lib/ruby/gems/2.0.0/gems/activesupport-4.0.0.rc1/lib/active_support/cache/strategy/local_cache.rb:83:in `call'
/Users/justinh/.rbenv/versions/2.0.0-p0/lib/ruby/gems/2.0.0/gems/rack-1.5.2/lib/rack/lock.rb:17:in `call'
/Users/justinh/.rbenv/versions/2.0.0-p0/lib/ruby/gems/2.0.0/gems/actionpack-4.0.0.rc1/lib/action_dispatch/middleware/static.rb:64:in `call'
/Users/justinh/.rbenv/versions/2.0.0-p0/lib/ruby/gems/2.0.0/gems/railties-4.0.0.rc1/lib/rails/engine.rb:511:in `call'
/Users/justinh/.rbenv/versions/2.0.0-p0/lib/ruby/gems/2.0.0/gems/railties-4.0.0.rc1/lib/rails/application.rb:96:in `call'
/Users/justinh/.rbenv/versions/2.0.0-p0/lib/ruby/gems/2.0.0/gems/rack-1.5.2/lib/rack/lock.rb:17:in `call'
/Users/justinh/.rbenv/versions/2.0.0-p0/lib/ruby/gems/2.0.0/gems/rack-1.5.2/lib/rack/content_length.rb:14:in `call'
/Users/justinh/.rbenv/versions/2.0.0-p0/lib/ruby/gems/2.0.0/gems/rack-1.5.2/lib/rack/handler/webrick.rb:60:in `service'
/Users/justinh/.rbenv/versions/2.0.0-p0/lib/ruby/2.0.0/webrick/httpserver.rb:138:in `service'
/Users/justinh/.rbenv/versions/2.0.0-p0/lib/ruby/2.0.0/webrick/httpserver.rb:94:in `run'
/Users/justinh/.rbenv/versions/2.0.0-p0/lib/ruby/2.0.0/webrick/server.rb:295:in `block in start_thread'
  Rendered dashboard/index.html.erb within layouts/application (4.2ms)
Completed 500 Internal Server Error in 10ms

ActionView::Template::Error (/Users/justinh/code/dm-challenge/app/views/dashboard/index.html.erb:5: syntax error, unexpected keyword_ensure, expecting ')'
/Users/justinh/code/dm-challenge/app/views/dashboard/index.html.erb:7: syntax error, unexpected keyword_end, expecting ')'):
    2: 
    3: <h2><%= @challenge.name %></h2>
    4: <h3><%= Date.now #@challenge.start_date %></h3>
  actionpack (4.0.0.rc1) lib/action_view/template.rb:299:in `module_eval'
  actionpack (4.0.0.rc1) lib/action_view/template.rb:299:in `compile'
  actionpack (4.0.0.rc1) lib/action_view/template.rb:248:in `block in compile!'
  actionpack (4.0.0.rc1) lib/action_view/template.rb:236:in `synchronize'
  actionpack (4.0.0.rc1) lib/action_view/template.rb:236:in `compile!'
  actionpack (4.0.0.rc1) lib/action_view/template.rb:142:in `block in render'
  activesupport (4.0.0.rc1) lib/active_support/notifications.rb:161:in `instrument'
  actionpack (4.0.0.rc1) lib/action_view/template.rb:141:in `render'
  actionpack (4.0.0.rc1) lib/action_view/renderer/template_renderer.rb:49:in `block (2 levels) in render_template'
  actionpack (4.0.0.rc1) lib/action_view/renderer/abstract_renderer.rb:38:in `block in instrument'
  activesupport (4.0.0.rc1) lib/active_support/notifications.rb:159:in `block in instrument'
  activesupport (4.0.0.rc1) lib/active_support/notifications/instrumenter.rb:20:in `instrument'
  activesupport (4.0.0.rc1) lib/active_support/notifications.rb:159:in `instrument'
  actionpack (4.0.0.rc1) lib/action_view/renderer/abstract_renderer.rb:38:in `instrument'
  actionpack (4.0.0.rc1) lib/action_view/renderer/template_renderer.rb:48:in `block in render_template'
  actionpack (4.0.0.rc1) lib/action_view/renderer/template_renderer.rb:56:in `render_with_layout'
  actionpack (4.0.0.rc1) lib/action_view/renderer/template_renderer.rb:47:in `render_template'
  actionpack (4.0.0.rc1) lib/action_view/renderer/template_renderer.rb:17:in `render'
  actionpack (4.0.0.rc1) lib/action_view/renderer/renderer.rb:42:in `render_template'
  actionpack (4.0.0.rc1) lib/action_view/renderer/renderer.rb:23:in `render'
  actionpack (4.0.0.rc1) lib/abstract_controller/rendering.rb:127:in `_render_template'
  actionpack (4.0.0.rc1) lib/action_controller/metal/streaming.rb:219:in `_render_template'
  actionpack (4.0.0.rc1) lib/abstract_controller/rendering.rb:120:in `render_to_body'
  actionpack (4.0.0.rc1) lib/action_controller/metal/rendering.rb:33:in `render_to_body'
  actionpack (4.0.0.rc1) lib/action_controller/metal/renderers.rb:26:in `render_to_body'
  actionpack (4.0.0.rc1) lib/abstract_controller/rendering.rb:97:in `render'
  actionpack (4.0.0.rc1) lib/action_controller/metal/rendering.rb:16:in `render'
  actionpack (4.0.0.rc1) lib/action_controller/metal/instrumentation.rb:41:in `block (2 levels) in render'
  activesupport (4.0.0.rc1) lib/active_support/core_ext/benchmark.rb:12:in `block in ms'
  /Users/justinh/.rbenv/versions/2.0.0-p0/lib/ruby/2.0.0/benchmark.rb:296:in `realtime'
  activesupport (4.0.0.rc1) lib/active_support/core_ext/benchmark.rb:12:in `ms'
  actionpack (4.0.0.rc1) lib/action_controller/metal/instrumentation.rb:41:in `block in render'
  actionpack (4.0.0.rc1) lib/action_controller/metal/instrumentation.rb:84:in `cleanup_view_runtime'
  activerecord (4.0.0.rc1) lib/active_record/railties/controller_runtime.rb:25:in `cleanup_view_runtime'
  actionpack (4.0.0.rc1) lib/action_controller/metal/instrumentation.rb:40:in `render'
  actionpack (4.0.0.rc1) lib/action_controller/metal/implicit_render.rb:10:in `default_render'
  actionpack (4.0.0.rc1) lib/action_controller/metal/implicit_render.rb:5:in `send_action'
  actionpack (4.0.0.rc1) lib/abstract_controller/base.rb:189:in `process_action'
  actionpack (4.0.0.rc1) lib/action_controller/metal/rendering.rb:10:in `process_action'
  actionpack (4.0.0.rc1) lib/abstract_controller/callbacks.rb:18:in `block in process_action'
  activesupport (4.0.0.rc1) lib/active_support/callbacks.rb:422:in `_run__309150335895117267__process_action__callbacks'
  activesupport (4.0.0.rc1) lib/active_support/callbacks.rb:80:in `run_callbacks'
  actionpack (4.0.0.rc1) lib/abstract_controller/callbacks.rb:17:in `process_action'
  actionpack (4.0.0.rc1) lib/action_controller/metal/rescue.rb:29:in `process_action'
  actionpack (4.0.0.rc1) lib/action_controller/metal/instrumentation.rb:31:in `block in process_action'
  activesupport (4.0.0.rc1) lib/active_support/notifications.rb:159:in `block in instrument'
  activesupport (4.0.0.rc1) lib/active_support/notifications/instrumenter.rb:20:in `instrument'
  activesupport (4.0.0.rc1) lib/active_support/notifications.rb:159:in `instrument'
  actionpack (4.0.0.rc1) lib/action_controller/metal/instrumentation.rb:30:in `process_action'
  actionpack (4.0.0.rc1) lib/action_controller/metal/params_wrapper.rb:245:in `process_action'
  activerecord (4.0.0.rc1) lib/active_record/railties/controller_runtime.rb:18:in `process_action'
  actionpack (4.0.0.rc1) lib/abstract_controller/base.rb:136:in `process'
  actionpack (4.0.0.rc1) lib/abstract_controller/rendering.rb:44:in `process'
  actionpack (4.0.0.rc1) lib/action_controller/metal.rb:195:in `dispatch'
  actionpack (4.0.0.rc1) lib/action_controller/metal/rack_delegation.rb:13:in `dispatch'
  actionpack (4.0.0.rc1) lib/action_controller/metal.rb:231:in `block in action'
  actionpack (4.0.0.rc1) lib/action_dispatch/routing/route_set.rb:80:in `call'
  actionpack (4.0.0.rc1) lib/action_dispatch/routing/route_set.rb:80:in `dispatch'
  actionpack (4.0.0.rc1) lib/action_dispatch/routing/route_set.rb:48:in `call'
  actionpack (4.0.0.rc1) lib/action_dispatch/journey/router.rb:71:in `block in call'
  actionpack (4.0.0.rc1) lib/action_dispatch/journey/router.rb:59:in `each'
  actionpack (4.0.0.rc1) lib/action_dispatch/journey/router.rb:59:in `call'
  actionpack (4.0.0.rc1) lib/action_dispatch/routing/route_set.rb:654:in `call'
  rack (1.5.2) lib/rack/etag.rb:23:in `call'
  rack (1.5.2) lib/rack/conditionalget.rb:25:in `call'
  rack (1.5.2) lib/rack/head.rb:11:in `call'
  actionpack (4.0.0.rc1) lib/action_dispatch/middleware/params_parser.rb:27:in `call'
  actionpack (4.0.0.rc1) lib/action_dispatch/middleware/flash.rb:241:in `call'
  rack (1.5.2) lib/rack/session/abstract/id.rb:225:in `context'
  rack (1.5.2) lib/rack/session/abstract/id.rb:220:in `call'
  actionpack (4.0.0.rc1) lib/action_dispatch/middleware/cookies.rb:486:in `call'
  activerecord (4.0.0.rc1) lib/active_record/query_cache.rb:36:in `call'
  activerecord (4.0.0.rc1) lib/active_record/connection_adapters/abstract/connection_pool.rb:626:in `call'
  activerecord (4.0.0.rc1) lib/active_record/migration.rb:366:in `call'
  actionpack (4.0.0.rc1) lib/action_dispatch/middleware/callbacks.rb:29:in `block in call'
  activesupport (4.0.0.rc1) lib/active_support/callbacks.rb:392:in `_run__1966860395831254151__call__callbacks'
  activesupport (4.0.0.rc1) lib/active_support/callbacks.rb:80:in `run_callbacks'
  actionpack (4.0.0.rc1) lib/action_dispatch/middleware/callbacks.rb:27:in `call'
  actionpack (4.0.0.rc1) lib/action_dispatch/middleware/reloader.rb:64:in `call'
  actionpack (4.0.0.rc1) lib/action_dispatch/middleware/remote_ip.rb:76:in `call'
  actionpack (4.0.0.rc1) lib/action_dispatch/middleware/debug_exceptions.rb:17:in `call'
  actionpack (4.0.0.rc1) lib/action_dispatch/middleware/show_exceptions.rb:30:in `call'
  railties (4.0.0.rc1) lib/rails/rack/logger.rb:38:in `call_app'
  railties (4.0.0.rc1) lib/rails/rack/logger.rb:21:in `block in call'
  activesupport (4.0.0.rc1) lib/active_support/tagged_logging.rb:67:in `block in tagged'
  activesupport (4.0.0.rc1) lib/active_support/tagged_logging.rb:25:in `tagged'
  activesupport (4.0.0.rc1) lib/active_support/tagged_logging.rb:67:in `tagged'
  railties (4.0.0.rc1) lib/rails/rack/logger.rb:21:in `call'
  actionpack (4.0.0.rc1) lib/action_dispatch/middleware/request_id.rb:21:in `call'
  rack (1.5.2) lib/rack/methodoverride.rb:21:in `call'
  rack (1.5.2) lib/rack/runtime.rb:17:in `call'
  activesupport (4.0.0.rc1) lib/active_support/cache/strategy/local_cache.rb:83:in `call'
  rack (1.5.2) lib/rack/lock.rb:17:in `call'
  actionpack (4.0.0.rc1) lib/action_dispatch/middleware/static.rb:64:in `call'
  railties (4.0.0.rc1) lib/rails/engine.rb:511:in `call'
  railties (4.0.0.rc1) lib/rails/application.rb:96:in `call'
  rack (1.5.2) lib/rack/lock.rb:17:in `call'
  rack (1.5.2) lib/rack/content_length.rb:14:in `call'
  rack (1.5.2) lib/rack/handler/webrick.rb:60:in `service'
  /Users/justinh/.rbenv/versions/2.0.0-p0/lib/ruby/2.0.0/webrick/httpserver.rb:138:in `service'
  /Users/justinh/.rbenv/versions/2.0.0-p0/lib/ruby/2.0.0/webrick/httpserver.rb:94:in `run'
  /Users/justinh/.rbenv/versions/2.0.0-p0/lib/ruby/2.0.0/webrick/server.rb:295:in `block in start_thread'


  Rendered /Users/justinh/.rbenv/versions/2.0.0-p0/lib/ruby/gems/2.0.0/gems/actionpack-4.0.0.rc1/lib/action_dispatch/middleware/templates/rescues/_trace.erb (2.6ms)
  Rendered /Users/justinh/.rbenv/versions/2.0.0-p0/lib/ruby/gems/2.0.0/gems/actionpack-4.0.0.rc1/lib/action_dispatch/middleware/templates/rescues/_request_and_response.erb (2.6ms)
  Rendered /Users/justinh/.rbenv/versions/2.0.0-p0/lib/ruby/gems/2.0.0/gems/actionpack-4.0.0.rc1/lib/action_dispatch/middleware/templates/rescues/template_error.erb within rescues/layout (24.4ms)


Started GET "/dashboard" for 127.0.0.1 at 2013-05-12 21:10:22 +1000
Processing by DashboardController#index as HTML
  [1m[36mChallenge Load (0.3ms)[0m  [1mSELECT "challenges".* FROM "challenges" ORDER BY "challenges"."id" ASC LIMIT 1[0m
ERROR: compiling _app_views_dashboard_index_html_erb__2547098777091738369_70299968338520 RAISED /Users/justinh/code/dm-challenge/app/views/dashboard/index.html.erb:5: syntax error, unexpected keyword_ensure, expecting ')'
/Users/justinh/code/dm-challenge/app/views/dashboard/index.html.erb:7: syntax error, unexpected keyword_end, expecting ')'
Function body:           def _app_views_dashboard_index_html_erb__2547098777091738369_70299968338520(local_assigns, output_buffer)
            _old_virtual_path, @virtual_path = @virtual_path, "dashboard/index";_old_output_buffer = @output_buffer;;@output_buffer = output_buffer || ActionView::OutputBuffer.new;@output_buffer.safe_append='<h1>DM Challenge</h1>

<h2>';@output_buffer.append=( @challenge.name );@output_buffer.safe_append='</h2>
<h3>';@output_buffer.append=( Date.now #@challenge.start_date );@output_buffer.safe_append='</h3>';@output_buffer.to_s
          ensure
            @virtual_path, @output_buffer = _old_virtual_path, _old_output_buffer
          end

Backtrace: /Users/justinh/.rbenv/versions/2.0.0-p0/lib/ruby/gems/2.0.0/gems/actionpack-4.0.0.rc1/lib/action_view/template.rb:299:in `module_eval'
/Users/justinh/.rbenv/versions/2.0.0-p0/lib/ruby/gems/2.0.0/gems/actionpack-4.0.0.rc1/lib/action_view/template.rb:299:in `compile'
/Users/justinh/.rbenv/versions/2.0.0-p0/lib/ruby/gems/2.0.0/gems/actionpack-4.0.0.rc1/lib/action_view/template.rb:248:in `block in compile!'
/Users/justinh/.rbenv/versions/2.0.0-p0/lib/ruby/gems/2.0.0/gems/actionpack-4.0.0.rc1/lib/action_view/template.rb:236:in `synchronize'
/Users/justinh/.rbenv/versions/2.0.0-p0/lib/ruby/gems/2.0.0/gems/actionpack-4.0.0.rc1/lib/action_view/template.rb:236:in `compile!'
/Users/justinh/.rbenv/versions/2.0.0-p0/lib/ruby/gems/2.0.0/gems/actionpack-4.0.0.rc1/lib/action_view/template.rb:142:in `block in render'
/Users/justinh/.rbenv/versions/2.0.0-p0/lib/ruby/gems/2.0.0/gems/activesupport-4.0.0.rc1/lib/active_support/notifications.rb:161:in `instrument'
/Users/justinh/.rbenv/versions/2.0.0-p0/lib/ruby/gems/2.0.0/gems/actionpack-4.0.0.rc1/lib/action_view/template.rb:141:in `render'
/Users/justinh/.rbenv/versions/2.0.0-p0/lib/ruby/gems/2.0.0/gems/actionpack-4.0.0.rc1/lib/action_view/renderer/template_renderer.rb:49:in `block (2 levels) in render_template'
/Users/justinh/.rbenv/versions/2.0.0-p0/lib/ruby/gems/2.0.0/gems/actionpack-4.0.0.rc1/lib/action_view/renderer/abstract_renderer.rb:38:in `block in instrument'
/Users/justinh/.rbenv/versions/2.0.0-p0/lib/ruby/gems/2.0.0/gems/activesupport-4.0.0.rc1/lib/active_support/notifications.rb:159:in `block in instrument'
/Users/justinh/.rbenv/versions/2.0.0-p0/lib/ruby/gems/2.0.0/gems/activesupport-4.0.0.rc1/lib/active_support/notifications/instrumenter.rb:20:in `instrument'
/Users/justinh/.rbenv/versions/2.0.0-p0/lib/ruby/gems/2.0.0/gems/activesupport-4.0.0.rc1/lib/active_support/notifications.rb:159:in `instrument'
/Users/justinh/.rbenv/versions/2.0.0-p0/lib/ruby/gems/2.0.0/gems/actionpack-4.0.0.rc1/lib/action_view/renderer/abstract_renderer.rb:38:in `instrument'
/Users/justinh/.rbenv/versions/2.0.0-p0/lib/ruby/gems/2.0.0/gems/actionpack-4.0.0.rc1/lib/action_view/renderer/template_renderer.rb:48:in `block in render_template'
/Users/justinh/.rbenv/versions/2.0.0-p0/lib/ruby/gems/2.0.0/gems/actionpack-4.0.0.rc1/lib/action_view/renderer/template_renderer.rb:56:in `render_with_layout'
/Users/justinh/.rbenv/versions/2.0.0-p0/lib/ruby/gems/2.0.0/gems/actionpack-4.0.0.rc1/lib/action_view/renderer/template_renderer.rb:47:in `render_template'
/Users/justinh/.rbenv/versions/2.0.0-p0/lib/ruby/gems/2.0.0/gems/actionpack-4.0.0.rc1/lib/action_view/renderer/template_renderer.rb:17:in `render'
/Users/justinh/.rbenv/versions/2.0.0-p0/lib/ruby/gems/2.0.0/gems/actionpack-4.0.0.rc1/lib/action_view/renderer/renderer.rb:42:in `render_template'
/Users/justinh/.rbenv/versions/2.0.0-p0/lib/ruby/gems/2.0.0/gems/actionpack-4.0.0.rc1/lib/action_view/renderer/renderer.rb:23:in `render'
/Users/justinh/.rbenv/versions/2.0.0-p0/lib/ruby/gems/2.0.0/gems/actionpack-4.0.0.rc1/lib/abstract_controller/rendering.rb:127:in `_render_template'
/Users/justinh/.rbenv/versions/2.0.0-p0/lib/ruby/gems/2.0.0/gems/actionpack-4.0.0.rc1/lib/action_controller/metal/streaming.rb:219:in `_render_template'
/Users/justinh/.rbenv/versions/2.0.0-p0/lib/ruby/gems/2.0.0/gems/actionpack-4.0.0.rc1/lib/abstract_controller/rendering.rb:120:in `render_to_body'
/Users/justinh/.rbenv/versions/2.0.0-p0/lib/ruby/gems/2.0.0/gems/actionpack-4.0.0.rc1/lib/action_controller/metal/rendering.rb:33:in `render_to_body'
/Users/justinh/.rbenv/versions/2.0.0-p0/lib/ruby/gems/2.0.0/gems/actionpack-4.0.0.rc1/lib/action_controller/metal/renderers.rb:26:in `render_to_body'
/Users/justinh/.rbenv/versions/2.0.0-p0/lib/ruby/gems/2.0.0/gems/actionpack-4.0.0.rc1/lib/abstract_controller/rendering.rb:97:in `render'
/Users/justinh/.rbenv/versions/2.0.0-p0/lib/ruby/gems/2.0.0/gems/actionpack-4.0.0.rc1/lib/action_controller/metal/rendering.rb:16:in `render'
/Users/justinh/.rbenv/versions/2.0.0-p0/lib/ruby/gems/2.0.0/gems/actionpack-4.0.0.rc1/lib/action_controller/metal/instrumentation.rb:41:in `block (2 levels) in render'
/Users/justinh/.rbenv/versions/2.0.0-p0/lib/ruby/gems/2.0.0/gems/activesupport-4.0.0.rc1/lib/active_support/core_ext/benchmark.rb:12:in `block in ms'
/Users/justinh/.rbenv/versions/2.0.0-p0/lib/ruby/2.0.0/benchmark.rb:296:in `realtime'
/Users/justinh/.rbenv/versions/2.0.0-p0/lib/ruby/gems/2.0.0/gems/activesupport-4.0.0.rc1/lib/active_support/core_ext/benchmark.rb:12:in `ms'
/Users/justinh/.rbenv/versions/2.0.0-p0/lib/ruby/gems/2.0.0/gems/actionpack-4.0.0.rc1/lib/action_controller/metal/instrumentation.rb:41:in `block in render'
/Users/justinh/.rbenv/versions/2.0.0-p0/lib/ruby/gems/2.0.0/gems/actionpack-4.0.0.rc1/lib/action_controller/metal/instrumentation.rb:84:in `cleanup_view_runtime'
/Users/justinh/.rbenv/versions/2.0.0-p0/lib/ruby/gems/2.0.0/gems/activerecord-4.0.0.rc1/lib/active_record/railties/controller_runtime.rb:25:in `cleanup_view_runtime'
/Users/justinh/.rbenv/versions/2.0.0-p0/lib/ruby/gems/2.0.0/gems/actionpack-4.0.0.rc1/lib/action_controller/metal/instrumentation.rb:40:in `render'
/Users/justinh/.rbenv/versions/2.0.0-p0/lib/ruby/gems/2.0.0/gems/actionpack-4.0.0.rc1/lib/action_controller/metal/implicit_render.rb:10:in `default_render'
/Users/justinh/.rbenv/versions/2.0.0-p0/lib/ruby/gems/2.0.0/gems/actionpack-4.0.0.rc1/lib/action_controller/metal/implicit_render.rb:5:in `send_action'
/Users/justinh/.rbenv/versions/2.0.0-p0/lib/ruby/gems/2.0.0/gems/actionpack-4.0.0.rc1/lib/abstract_controller/base.rb:189:in `process_action'
/Users/justinh/.rbenv/versions/2.0.0-p0/lib/ruby/gems/2.0.0/gems/actionpack-4.0.0.rc1/lib/action_controller/metal/rendering.rb:10:in `process_action'
/Users/justinh/.rbenv/versions/2.0.0-p0/lib/ruby/gems/2.0.0/gems/actionpack-4.0.0.rc1/lib/abstract_controller/callbacks.rb:18:in `block in process_action'
/Users/justinh/.rbenv/versions/2.0.0-p0/lib/ruby/gems/2.0.0/gems/activesupport-4.0.0.rc1/lib/active_support/callbacks.rb:422:in `_run__309150335895117267__process_action__callbacks'
/Users/justinh/.rbenv/versions/2.0.0-p0/lib/ruby/gems/2.0.0/gems/activesupport-4.0.0.rc1/lib/active_support/callbacks.rb:80:in `run_callbacks'
/Users/justinh/.rbenv/versions/2.0.0-p0/lib/ruby/gems/2.0.0/gems/actionpack-4.0.0.rc1/lib/abstract_controller/callbacks.rb:17:in `process_action'
/Users/justinh/.rbenv/versions/2.0.0-p0/lib/ruby/gems/2.0.0/gems/actionpack-4.0.0.rc1/lib/action_controller/metal/rescue.rb:29:in `process_action'
/Users/justinh/.rbenv/versions/2.0.0-p0/lib/ruby/gems/2.0.0/gems/actionpack-4.0.0.rc1/lib/action_controller/metal/instrumentation.rb:31:in `block in process_action'
/Users/justinh/.rbenv/versions/2.0.0-p0/lib/ruby/gems/2.0.0/gems/activesupport-4.0.0.rc1/lib/active_support/notifications.rb:159:in `block in instrument'
/Users/justinh/.rbenv/versions/2.0.0-p0/lib/ruby/gems/2.0.0/gems/activesupport-4.0.0.rc1/lib/active_support/notifications/instrumenter.rb:20:in `instrument'
/Users/justinh/.rbenv/versions/2.0.0-p0/lib/ruby/gems/2.0.0/gems/activesupport-4.0.0.rc1/lib/active_support/notifications.rb:159:in `instrument'
/Users/justinh/.rbenv/versions/2.0.0-p0/lib/ruby/gems/2.0.0/gems/actionpack-4.0.0.rc1/lib/action_controller/metal/instrumentation.rb:30:in `process_action'
/Users/justinh/.rbenv/versions/2.0.0-p0/lib/ruby/gems/2.0.0/gems/actionpack-4.0.0.rc1/lib/action_controller/metal/params_wrapper.rb:245:in `process_action'
/Users/justinh/.rbenv/versions/2.0.0-p0/lib/ruby/gems/2.0.0/gems/activerecord-4.0.0.rc1/lib/active_record/railties/controller_runtime.rb:18:in `process_action'
/Users/justinh/.rbenv/versions/2.0.0-p0/lib/ruby/gems/2.0.0/gems/actionpack-4.0.0.rc1/lib/abstract_controller/base.rb:136:in `process'
/Users/justinh/.rbenv/versions/2.0.0-p0/lib/ruby/gems/2.0.0/gems/actionpack-4.0.0.rc1/lib/abstract_controller/rendering.rb:44:in `process'
/Users/justinh/.rbenv/versions/2.0.0-p0/lib/ruby/gems/2.0.0/gems/actionpack-4.0.0.rc1/lib/action_controller/metal.rb:195:in `dispatch'
/Users/justinh/.rbenv/versions/2.0.0-p0/lib/ruby/gems/2.0.0/gems/actionpack-4.0.0.rc1/lib/action_controller/metal/rack_delegation.rb:13:in `dispatch'
/Users/justinh/.rbenv/versions/2.0.0-p0/lib/ruby/gems/2.0.0/gems/actionpack-4.0.0.rc1/lib/action_controller/metal.rb:231:in `block in action'
/Users/justinh/.rbenv/versions/2.0.0-p0/lib/ruby/gems/2.0.0/gems/actionpack-4.0.0.rc1/lib/action_dispatch/routing/route_set.rb:80:in `call'
/Users/justinh/.rbenv/versions/2.0.0-p0/lib/ruby/gems/2.0.0/gems/actionpack-4.0.0.rc1/lib/action_dispatch/routing/route_set.rb:80:in `dispatch'
/Users/justinh/.rbenv/versions/2.0.0-p0/lib/ruby/gems/2.0.0/gems/actionpack-4.0.0.rc1/lib/action_dispatch/routing/route_set.rb:48:in `call'
/Users/justinh/.rbenv/versions/2.0.0-p0/lib/ruby/gems/2.0.0/gems/actionpack-4.0.0.rc1/lib/action_dispatch/journey/router.rb:71:in `block in call'
/Users/justinh/.rbenv/versions/2.0.0-p0/lib/ruby/gems/2.0.0/gems/actionpack-4.0.0.rc1/lib/action_dispatch/journey/router.rb:59:in `each'
/Users/justinh/.rbenv/versions/2.0.0-p0/lib/ruby/gems/2.0.0/gems/actionpack-4.0.0.rc1/lib/action_dispatch/journey/router.rb:59:in `call'
/Users/justinh/.rbenv/versions/2.0.0-p0/lib/ruby/gems/2.0.0/gems/actionpack-4.0.0.rc1/lib/action_dispatch/routing/route_set.rb:654:in `call'
/Users/justinh/.rbenv/versions/2.0.0-p0/lib/ruby/gems/2.0.0/gems/rack-1.5.2/lib/rack/etag.rb:23:in `call'
/Users/justinh/.rbenv/versions/2.0.0-p0/lib/ruby/gems/2.0.0/gems/rack-1.5.2/lib/rack/conditionalget.rb:25:in `call'
/Users/justinh/.rbenv/versions/2.0.0-p0/lib/ruby/gems/2.0.0/gems/rack-1.5.2/lib/rack/head.rb:11:in `call'
/Users/justinh/.rbenv/versions/2.0.0-p0/lib/ruby/gems/2.0.0/gems/actionpack-4.0.0.rc1/lib/action_dispatch/middleware/params_parser.rb:27:in `call'
/Users/justinh/.rbenv/versions/2.0.0-p0/lib/ruby/gems/2.0.0/gems/actionpack-4.0.0.rc1/lib/action_dispatch/middleware/flash.rb:241:in `call'
/Users/justinh/.rbenv/versions/2.0.0-p0/lib/ruby/gems/2.0.0/gems/rack-1.5.2/lib/rack/session/abstract/id.rb:225:in `context'
/Users/justinh/.rbenv/versions/2.0.0-p0/lib/ruby/gems/2.0.0/gems/rack-1.5.2/lib/rack/session/abstract/id.rb:220:in `call'
/Users/justinh/.rbenv/versions/2.0.0-p0/lib/ruby/gems/2.0.0/gems/actionpack-4.0.0.rc1/lib/action_dispatch/middleware/cookies.rb:486:in `call'
/Users/justinh/.rbenv/versions/2.0.0-p0/lib/ruby/gems/2.0.0/gems/activerecord-4.0.0.rc1/lib/active_record/query_cache.rb:36:in `call'
/Users/justinh/.rbenv/versions/2.0.0-p0/lib/ruby/gems/2.0.0/gems/activerecord-4.0.0.rc1/lib/active_record/connection_adapters/abstract/connection_pool.rb:626:in `call'
/Users/justinh/.rbenv/versions/2.0.0-p0/lib/ruby/gems/2.0.0/gems/activerecord-4.0.0.rc1/lib/active_record/migration.rb:366:in `call'
/Users/justinh/.rbenv/versions/2.0.0-p0/lib/ruby/gems/2.0.0/gems/actionpack-4.0.0.rc1/lib/action_dispatch/middleware/callbacks.rb:29:in `block in call'
/Users/justinh/.rbenv/versions/2.0.0-p0/lib/ruby/gems/2.0.0/gems/activesupport-4.0.0.rc1/lib/active_support/callbacks.rb:392:in `_run__1966860395831254151__call__callbacks'
/Users/justinh/.rbenv/versions/2.0.0-p0/lib/ruby/gems/2.0.0/gems/activesupport-4.0.0.rc1/lib/active_support/callbacks.rb:80:in `run_callbacks'
/Users/justinh/.rbenv/versions/2.0.0-p0/lib/ruby/gems/2.0.0/gems/actionpack-4.0.0.rc1/lib/action_dispatch/middleware/callbacks.rb:27:in `call'
/Users/justinh/.rbenv/versions/2.0.0-p0/lib/ruby/gems/2.0.0/gems/actionpack-4.0.0.rc1/lib/action_dispatch/middleware/reloader.rb:64:in `call'
/Users/justinh/.rbenv/versions/2.0.0-p0/lib/ruby/gems/2.0.0/gems/actionpack-4.0.0.rc1/lib/action_dispatch/middleware/remote_ip.rb:76:in `call'
/Users/justinh/.rbenv/versions/2.0.0-p0/lib/ruby/gems/2.0.0/gems/actionpack-4.0.0.rc1/lib/action_dispatch/middleware/debug_exceptions.rb:17:in `call'
/Users/justinh/.rbenv/versions/2.0.0-p0/lib/ruby/gems/2.0.0/gems/actionpack-4.0.0.rc1/lib/action_dispatch/middleware/show_exceptions.rb:30:in `call'
/Users/justinh/.rbenv/versions/2.0.0-p0/lib/ruby/gems/2.0.0/gems/railties-4.0.0.rc1/lib/rails/rack/logger.rb:38:in `call_app'
/Users/justinh/.rbenv/versions/2.0.0-p0/lib/ruby/gems/2.0.0/gems/railties-4.0.0.rc1/lib/rails/rack/logger.rb:21:in `block in call'
/Users/justinh/.rbenv/versions/2.0.0-p0/lib/ruby/gems/2.0.0/gems/activesupport-4.0.0.rc1/lib/active_support/tagged_logging.rb:67:in `block in tagged'
/Users/justinh/.rbenv/versions/2.0.0-p0/lib/ruby/gems/2.0.0/gems/activesupport-4.0.0.rc1/lib/active_support/tagged_logging.rb:25:in `tagged'
/Users/justinh/.rbenv/versions/2.0.0-p0/lib/ruby/gems/2.0.0/gems/activesupport-4.0.0.rc1/lib/active_support/tagged_logging.rb:67:in `tagged'
/Users/justinh/.rbenv/versions/2.0.0-p0/lib/ruby/gems/2.0.0/gems/railties-4.0.0.rc1/lib/rails/rack/logger.rb:21:in `call'
/Users/justinh/.rbenv/versions/2.0.0-p0/lib/ruby/gems/2.0.0/gems/actionpack-4.0.0.rc1/lib/action_dispatch/middleware/request_id.rb:21:in `call'
/Users/justinh/.rbenv/versions/2.0.0-p0/lib/ruby/gems/2.0.0/gems/rack-1.5.2/lib/rack/methodoverride.rb:21:in `call'
/Users/justinh/.rbenv/versions/2.0.0-p0/lib/ruby/gems/2.0.0/gems/rack-1.5.2/lib/rack/runtime.rb:17:in `call'
/Users/justinh/.rbenv/versions/2.0.0-p0/lib/ruby/gems/2.0.0/gems/activesupport-4.0.0.rc1/lib/active_support/cache/strategy/local_cache.rb:83:in `call'
/Users/justinh/.rbenv/versions/2.0.0-p0/lib/ruby/gems/2.0.0/gems/rack-1.5.2/lib/rack/lock.rb:17:in `call'
/Users/justinh/.rbenv/versions/2.0.0-p0/lib/ruby/gems/2.0.0/gems/actionpack-4.0.0.rc1/lib/action_dispatch/middleware/static.rb:64:in `call'
/Users/justinh/.rbenv/versions/2.0.0-p0/lib/ruby/gems/2.0.0/gems/railties-4.0.0.rc1/lib/rails/engine.rb:511:in `call'
/Users/justinh/.rbenv/versions/2.0.0-p0/lib/ruby/gems/2.0.0/gems/railties-4.0.0.rc1/lib/rails/application.rb:96:in `call'
/Users/justinh/.rbenv/versions/2.0.0-p0/lib/ruby/gems/2.0.0/gems/rack-1.5.2/lib/rack/lock.rb:17:in `call'
/Users/justinh/.rbenv/versions/2.0.0-p0/lib/ruby/gems/2.0.0/gems/rack-1.5.2/lib/rack/content_length.rb:14:in `call'
/Users/justinh/.rbenv/versions/2.0.0-p0/lib/ruby/gems/2.0.0/gems/rack-1.5.2/lib/rack/handler/webrick.rb:60:in `service'
/Users/justinh/.rbenv/versions/2.0.0-p0/lib/ruby/2.0.0/webrick/httpserver.rb:138:in `service'
/Users/justinh/.rbenv/versions/2.0.0-p0/lib/ruby/2.0.0/webrick/httpserver.rb:94:in `run'
/Users/justinh/.rbenv/versions/2.0.0-p0/lib/ruby/2.0.0/webrick/server.rb:295:in `block in start_thread'
  Rendered dashboard/index.html.erb within layouts/application (65.4ms)
Completed 500 Internal Server Error in 72ms

ActionView::Template::Error (/Users/justinh/code/dm-challenge/app/views/dashboard/index.html.erb:5: syntax error, unexpected keyword_ensure, expecting ')'
/Users/justinh/code/dm-challenge/app/views/dashboard/index.html.erb:7: syntax error, unexpected keyword_end, expecting ')'):
    2: 
    3: <h2><%= @challenge.name %></h2>
    4: <h3><%= Date.now #@challenge.start_date %></h3>
  actionpack (4.0.0.rc1) lib/action_view/template.rb:299:in `module_eval'
  actionpack (4.0.0.rc1) lib/action_view/template.rb:299:in `compile'
  actionpack (4.0.0.rc1) lib/action_view/template.rb:248:in `block in compile!'
  actionpack (4.0.0.rc1) lib/action_view/template.rb:236:in `synchronize'
  actionpack (4.0.0.rc1) lib/action_view/template.rb:236:in `compile!'
  actionpack (4.0.0.rc1) lib/action_view/template.rb:142:in `block in render'
  activesupport (4.0.0.rc1) lib/active_support/notifications.rb:161:in `instrument'
  actionpack (4.0.0.rc1) lib/action_view/template.rb:141:in `render'
  actionpack (4.0.0.rc1) lib/action_view/renderer/template_renderer.rb:49:in `block (2 levels) in render_template'
  actionpack (4.0.0.rc1) lib/action_view/renderer/abstract_renderer.rb:38:in `block in instrument'
  activesupport (4.0.0.rc1) lib/active_support/notifications.rb:159:in `block in instrument'
  activesupport (4.0.0.rc1) lib/active_support/notifications/instrumenter.rb:20:in `instrument'
  activesupport (4.0.0.rc1) lib/active_support/notifications.rb:159:in `instrument'
  actionpack (4.0.0.rc1) lib/action_view/renderer/abstract_renderer.rb:38:in `instrument'
  actionpack (4.0.0.rc1) lib/action_view/renderer/template_renderer.rb:48:in `block in render_template'
  actionpack (4.0.0.rc1) lib/action_view/renderer/template_renderer.rb:56:in `render_with_layout'
  actionpack (4.0.0.rc1) lib/action_view/renderer/template_renderer.rb:47:in `render_template'
  actionpack (4.0.0.rc1) lib/action_view/renderer/template_renderer.rb:17:in `render'
  actionpack (4.0.0.rc1) lib/action_view/renderer/renderer.rb:42:in `render_template'
  actionpack (4.0.0.rc1) lib/action_view/renderer/renderer.rb:23:in `render'
  actionpack (4.0.0.rc1) lib/abstract_controller/rendering.rb:127:in `_render_template'
  actionpack (4.0.0.rc1) lib/action_controller/metal/streaming.rb:219:in `_render_template'
  actionpack (4.0.0.rc1) lib/abstract_controller/rendering.rb:120:in `render_to_body'
  actionpack (4.0.0.rc1) lib/action_controller/metal/rendering.rb:33:in `render_to_body'
  actionpack (4.0.0.rc1) lib/action_controller/metal/renderers.rb:26:in `render_to_body'
  actionpack (4.0.0.rc1) lib/abstract_controller/rendering.rb:97:in `render'
  actionpack (4.0.0.rc1) lib/action_controller/metal/rendering.rb:16:in `render'
  actionpack (4.0.0.rc1) lib/action_controller/metal/instrumentation.rb:41:in `block (2 levels) in render'
  activesupport (4.0.0.rc1) lib/active_support/core_ext/benchmark.rb:12:in `block in ms'
  /Users/justinh/.rbenv/versions/2.0.0-p0/lib/ruby/2.0.0/benchmark.rb:296:in `realtime'
  activesupport (4.0.0.rc1) lib/active_support/core_ext/benchmark.rb:12:in `ms'
  actionpack (4.0.0.rc1) lib/action_controller/metal/instrumentation.rb:41:in `block in render'
  actionpack (4.0.0.rc1) lib/action_controller/metal/instrumentation.rb:84:in `cleanup_view_runtime'
  activerecord (4.0.0.rc1) lib/active_record/railties/controller_runtime.rb:25:in `cleanup_view_runtime'
  actionpack (4.0.0.rc1) lib/action_controller/metal/instrumentation.rb:40:in `render'
  actionpack (4.0.0.rc1) lib/action_controller/metal/implicit_render.rb:10:in `default_render'
  actionpack (4.0.0.rc1) lib/action_controller/metal/implicit_render.rb:5:in `send_action'
  actionpack (4.0.0.rc1) lib/abstract_controller/base.rb:189:in `process_action'
  actionpack (4.0.0.rc1) lib/action_controller/metal/rendering.rb:10:in `process_action'
  actionpack (4.0.0.rc1) lib/abstract_controller/callbacks.rb:18:in `block in process_action'
  activesupport (4.0.0.rc1) lib/active_support/callbacks.rb:422:in `_run__309150335895117267__process_action__callbacks'
  activesupport (4.0.0.rc1) lib/active_support/callbacks.rb:80:in `run_callbacks'
  actionpack (4.0.0.rc1) lib/abstract_controller/callbacks.rb:17:in `process_action'
  actionpack (4.0.0.rc1) lib/action_controller/metal/rescue.rb:29:in `process_action'
  actionpack (4.0.0.rc1) lib/action_controller/metal/instrumentation.rb:31:in `block in process_action'
  activesupport (4.0.0.rc1) lib/active_support/notifications.rb:159:in `block in instrument'
  activesupport (4.0.0.rc1) lib/active_support/notifications/instrumenter.rb:20:in `instrument'
  activesupport (4.0.0.rc1) lib/active_support/notifications.rb:159:in `instrument'
  actionpack (4.0.0.rc1) lib/action_controller/metal/instrumentation.rb:30:in `process_action'
  actionpack (4.0.0.rc1) lib/action_controller/metal/params_wrapper.rb:245:in `process_action'
  activerecord (4.0.0.rc1) lib/active_record/railties/controller_runtime.rb:18:in `process_action'
  actionpack (4.0.0.rc1) lib/abstract_controller/base.rb:136:in `process'
  actionpack (4.0.0.rc1) lib/abstract_controller/rendering.rb:44:in `process'
  actionpack (4.0.0.rc1) lib/action_controller/metal.rb:195:in `dispatch'
  actionpack (4.0.0.rc1) lib/action_controller/metal/rack_delegation.rb:13:in `dispatch'
  actionpack (4.0.0.rc1) lib/action_controller/metal.rb:231:in `block in action'
  actionpack (4.0.0.rc1) lib/action_dispatch/routing/route_set.rb:80:in `call'
  actionpack (4.0.0.rc1) lib/action_dispatch/routing/route_set.rb:80:in `dispatch'
  actionpack (4.0.0.rc1) lib/action_dispatch/routing/route_set.rb:48:in `call'
  actionpack (4.0.0.rc1) lib/action_dispatch/journey/router.rb:71:in `block in call'
  actionpack (4.0.0.rc1) lib/action_dispatch/journey/router.rb:59:in `each'
  actionpack (4.0.0.rc1) lib/action_dispatch/journey/router.rb:59:in `call'
  actionpack (4.0.0.rc1) lib/action_dispatch/routing/route_set.rb:654:in `call'
  rack (1.5.2) lib/rack/etag.rb:23:in `call'
  rack (1.5.2) lib/rack/conditionalget.rb:25:in `call'
  rack (1.5.2) lib/rack/head.rb:11:in `call'
  actionpack (4.0.0.rc1) lib/action_dispatch/middleware/params_parser.rb:27:in `call'
  actionpack (4.0.0.rc1) lib/action_dispatch/middleware/flash.rb:241:in `call'
  rack (1.5.2) lib/rack/session/abstract/id.rb:225:in `context'
  rack (1.5.2) lib/rack/session/abstract/id.rb:220:in `call'
  actionpack (4.0.0.rc1) lib/action_dispatch/middleware/cookies.rb:486:in `call'
  activerecord (4.0.0.rc1) lib/active_record/query_cache.rb:36:in `call'
  activerecord (4.0.0.rc1) lib/active_record/connection_adapters/abstract/connection_pool.rb:626:in `call'
  activerecord (4.0.0.rc1) lib/active_record/migration.rb:366:in `call'
  actionpack (4.0.0.rc1) lib/action_dispatch/middleware/callbacks.rb:29:in `block in call'
  activesupport (4.0.0.rc1) lib/active_support/callbacks.rb:392:in `_run__1966860395831254151__call__callbacks'
  activesupport (4.0.0.rc1) lib/active_support/callbacks.rb:80:in `run_callbacks'
  actionpack (4.0.0.rc1) lib/action_dispatch/middleware/callbacks.rb:27:in `call'
  actionpack (4.0.0.rc1) lib/action_dispatch/middleware/reloader.rb:64:in `call'
  actionpack (4.0.0.rc1) lib/action_dispatch/middleware/remote_ip.rb:76:in `call'
  actionpack (4.0.0.rc1) lib/action_dispatch/middleware/debug_exceptions.rb:17:in `call'
  actionpack (4.0.0.rc1) lib/action_dispatch/middleware/show_exceptions.rb:30:in `call'
  railties (4.0.0.rc1) lib/rails/rack/logger.rb:38:in `call_app'
  railties (4.0.0.rc1) lib/rails/rack/logger.rb:21:in `block in call'
  activesupport (4.0.0.rc1) lib/active_support/tagged_logging.rb:67:in `block in tagged'
  activesupport (4.0.0.rc1) lib/active_support/tagged_logging.rb:25:in `tagged'
  activesupport (4.0.0.rc1) lib/active_support/tagged_logging.rb:67:in `tagged'
  railties (4.0.0.rc1) lib/rails/rack/logger.rb:21:in `call'
  actionpack (4.0.0.rc1) lib/action_dispatch/middleware/request_id.rb:21:in `call'
  rack (1.5.2) lib/rack/methodoverride.rb:21:in `call'
  rack (1.5.2) lib/rack/runtime.rb:17:in `call'
  activesupport (4.0.0.rc1) lib/active_support/cache/strategy/local_cache.rb:83:in `call'
  rack (1.5.2) lib/rack/lock.rb:17:in `call'
  actionpack (4.0.0.rc1) lib/action_dispatch/middleware/static.rb:64:in `call'
  railties (4.0.0.rc1) lib/rails/engine.rb:511:in `call'
  railties (4.0.0.rc1) lib/rails/application.rb:96:in `call'
  rack (1.5.2) lib/rack/lock.rb:17:in `call'
  rack (1.5.2) lib/rack/content_length.rb:14:in `call'
  rack (1.5.2) lib/rack/handler/webrick.rb:60:in `service'
  /Users/justinh/.rbenv/versions/2.0.0-p0/lib/ruby/2.0.0/webrick/httpserver.rb:138:in `service'
  /Users/justinh/.rbenv/versions/2.0.0-p0/lib/ruby/2.0.0/webrick/httpserver.rb:94:in `run'
  /Users/justinh/.rbenv/versions/2.0.0-p0/lib/ruby/2.0.0/webrick/server.rb:295:in `block in start_thread'


  Rendered /Users/justinh/.rbenv/versions/2.0.0-p0/lib/ruby/gems/2.0.0/gems/actionpack-4.0.0.rc1/lib/action_dispatch/middleware/templates/rescues/_trace.erb (2.6ms)
  Rendered /Users/justinh/.rbenv/versions/2.0.0-p0/lib/ruby/gems/2.0.0/gems/actionpack-4.0.0.rc1/lib/action_dispatch/middleware/templates/rescues/_request_and_response.erb (3.2ms)
  Rendered /Users/justinh/.rbenv/versions/2.0.0-p0/lib/ruby/gems/2.0.0/gems/actionpack-4.0.0.rc1/lib/action_dispatch/middleware/templates/rescues/template_error.erb within rescues/layout (25.1ms)


Started GET "/dashboard" for 127.0.0.1 at 2013-05-12 21:10:47 +1000
Processing by DashboardController#index as HTML
  [1m[35mChallenge Load (0.3ms)[0m  SELECT "challenges".* FROM "challenges" ORDER BY "challenges"."id" ASC LIMIT 1
  Rendered dashboard/index.html.erb within layouts/application (0.9ms)
Completed 200 OK in 12ms (Views: 8.5ms | ActiveRecord: 0.3ms)


Started GET "/assets/dashboard.css?body=1" for 127.0.0.1 at 2013-05-12 21:10:47 +1000


Started GET "/assets/jquery_ujs.js?body=1" for 127.0.0.1 at 2013-05-12 21:10:47 +1000


Started GET "/assets/turbolinks.js?body=1" for 127.0.0.1 at 2013-05-12 21:10:47 +1000


Started GET "/assets/application.css?body=1" for 127.0.0.1 at 2013-05-12 21:10:47 +1000


Started GET "/assets/challenges.css?body=1" for 127.0.0.1 at 2013-05-12 21:10:47 +1000


Started GET "/assets/jquery.js?body=1" for 127.0.0.1 at 2013-05-12 21:10:47 +1000


Started GET "/assets/dashboard.js?body=1" for 127.0.0.1 at 2013-05-12 21:10:47 +1000


Started GET "/assets/challenges.js?body=1" for 127.0.0.1 at 2013-05-12 21:10:47 +1000


Started GET "/assets/application.js?body=1" for 127.0.0.1 at 2013-05-12 21:10:47 +1000


Started GET "/dashboard" for 127.0.0.1 at 2013-05-12 21:12:19 +1000
Processing by DashboardController#index as HTML
  [1m[36mChallenge Load (0.2ms)[0m  [1mSELECT "challenges".* FROM "challenges" ORDER BY "challenges"."id" ASC LIMIT 1[0m
  Rendered dashboard/index.html.erb within layouts/application (59.5ms)
Completed 500 Internal Server Error in 86ms

ActionView::Template::Error (can't convert Date into an exact number):
    1: <h1>DM Challenge</h1>
    2: 
    3: <h2><%= @challenge.name %></h2>
    4: <h3><%= time_ago_in_words(Time.now - @challenge.start_date) %></h3>
  app/views/dashboard/index.html.erb:4:in `_app_views_dashboard_index_html_erb__2547098777091738369_70299972494100'


  Rendered /Users/justinh/.rbenv/versions/2.0.0-p0/lib/ruby/gems/2.0.0/gems/actionpack-4.0.0.rc1/lib/action_dispatch/middleware/templates/rescues/_trace.erb (2.5ms)
  Rendered /Users/justinh/.rbenv/versions/2.0.0-p0/lib/ruby/gems/2.0.0/gems/actionpack-4.0.0.rc1/lib/action_dispatch/middleware/templates/rescues/_request_and_response.erb (2.4ms)
  Rendered /Users/justinh/.rbenv/versions/2.0.0-p0/lib/ruby/gems/2.0.0/gems/actionpack-4.0.0.rc1/lib/action_dispatch/middleware/templates/rescues/template_error.erb within rescues/layout (26.4ms)


Started GET "/dashboard" for 127.0.0.1 at 2013-05-12 21:14:32 +1000
Processing by DashboardController#index as HTML
  [1m[35mChallenge Load (0.2ms)[0m  SELECT "challenges".* FROM "challenges" ORDER BY "challenges"."id" ASC LIMIT 1
  Rendered dashboard/index.html.erb within layouts/application (1.3ms)
Completed 200 OK in 31ms (Views: 29.1ms | ActiveRecord: 0.2ms)


Started GET "/assets/challenges.css?body=1" for 127.0.0.1 at 2013-05-12 21:14:32 +1000


Started GET "/assets/application.css?body=1" for 127.0.0.1 at 2013-05-12 21:14:32 +1000


Started GET "/assets/jquery.js?body=1" for 127.0.0.1 at 2013-05-12 21:14:32 +1000


Started GET "/assets/jquery_ujs.js?body=1" for 127.0.0.1 at 2013-05-12 21:14:32 +1000


Started GET "/assets/turbolinks.js?body=1" for 127.0.0.1 at 2013-05-12 21:14:32 +1000


Started GET "/assets/dashboard.css?body=1" for 127.0.0.1 at 2013-05-12 21:14:32 +1000


Started GET "/assets/challenges.js?body=1" for 127.0.0.1 at 2013-05-12 21:14:32 +1000


Started GET "/assets/dashboard.js?body=1" for 127.0.0.1 at 2013-05-12 21:14:32 +1000


Started GET "/assets/application.js?body=1" for 127.0.0.1 at 2013-05-12 21:14:32 +1000


Started GET "/dashboard" for 127.0.0.1 at 2013-05-12 21:15:52 +1000
Processing by DashboardController#index as HTML
  [1m[36mChallenge Load (0.2ms)[0m  [1mSELECT "challenges".* FROM "challenges" ORDER BY "challenges"."id" ASC LIMIT 1[0m
  Rendered dashboard/index.html.erb within layouts/application (1.1ms)
Completed 200 OK in 12ms (Views: 9.7ms | ActiveRecord: 0.2ms)


Started GET "/assets/jquery_ujs.js?body=1" for 127.0.0.1 at 2013-05-12 21:15:53 +1000


Started GET "/assets/application.css?body=1" for 127.0.0.1 at 2013-05-12 21:15:53 +1000


Started GET "/assets/challenges.css?body=1" for 127.0.0.1 at 2013-05-12 21:15:53 +1000


Started GET "/assets/jquery.js?body=1" for 127.0.0.1 at 2013-05-12 21:15:53 +1000


Started GET "/assets/dashboard.js?body=1" for 127.0.0.1 at 2013-05-12 21:15:53 +1000


Started GET "/assets/dashboard.css?body=1" for 127.0.0.1 at 2013-05-12 21:15:53 +1000


Started GET "/assets/turbolinks.js?body=1" for 127.0.0.1 at 2013-05-12 21:15:53 +1000


Started GET "/assets/challenges.js?body=1" for 127.0.0.1 at 2013-05-12 21:15:53 +1000


Started GET "/assets/application.js?body=1" for 127.0.0.1 at 2013-05-12 21:15:53 +1000


Started GET "/dashboard" for 127.0.0.1 at 2013-05-12 21:16:28 +1000
Processing by DashboardController#index as HTML
  [1m[35mChallenge Load (0.2ms)[0m  SELECT "challenges".* FROM "challenges" ORDER BY "challenges"."id" ASC LIMIT 1
  Rendered dashboard/index.html.erb within layouts/application (0.9ms)
Completed 200 OK in 11ms (Views: 9.0ms | ActiveRecord: 0.2ms)


Started GET "/assets/application.css?body=1" for 127.0.0.1 at 2013-05-12 21:16:28 +1000


Started GET "/assets/jquery.js?body=1" for 127.0.0.1 at 2013-05-12 21:16:28 +1000


Started GET "/assets/challenges.css?body=1" for 127.0.0.1 at 2013-05-12 21:16:28 +1000


Started GET "/assets/jquery_ujs.js?body=1" for 127.0.0.1 at 2013-05-12 21:16:28 +1000


Started GET "/assets/dashboard.css?body=1" for 127.0.0.1 at 2013-05-12 21:16:28 +1000


Started GET "/assets/turbolinks.js?body=1" for 127.0.0.1 at 2013-05-12 21:16:28 +1000


Started GET "/assets/dashboard.js?body=1" for 127.0.0.1 at 2013-05-12 21:16:28 +1000


Started GET "/assets/challenges.js?body=1" for 127.0.0.1 at 2013-05-12 21:16:28 +1000


Started GET "/assets/application.js?body=1" for 127.0.0.1 at 2013-05-12 21:16:28 +1000


Started GET "/dashboard" for 127.0.0.1 at 2013-05-12 21:17:11 +1000
Processing by DashboardController#index as HTML
  [1m[36mChallenge Load (0.3ms)[0m  [1mSELECT "challenges".* FROM "challenges" ORDER BY "challenges"."id" ASC LIMIT 1[0m
  Rendered dashboard/index.html.erb within layouts/application (0.9ms)
Completed 200 OK in 11ms (Views: 9.0ms | ActiveRecord: 0.3ms)


Started GET "/assets/application.css?body=1" for 127.0.0.1 at 2013-05-12 21:17:11 +1000


Started GET "/assets/jquery.js?body=1" for 127.0.0.1 at 2013-05-12 21:17:11 +1000


Started GET "/assets/turbolinks.js?body=1" for 127.0.0.1 at 2013-05-12 21:17:11 +1000


Started GET "/assets/challenges.css?body=1" for 127.0.0.1 at 2013-05-12 21:17:11 +1000


Started GET "/assets/dashboard.css?body=1" for 127.0.0.1 at 2013-05-12 21:17:11 +1000


Started GET "/assets/challenges.js?body=1" for 127.0.0.1 at 2013-05-12 21:17:11 +1000


Started GET "/assets/jquery_ujs.js?body=1" for 127.0.0.1 at 2013-05-12 21:17:11 +1000


Started GET "/assets/application.js?body=1" for 127.0.0.1 at 2013-05-12 21:17:11 +1000


Started GET "/assets/dashboard.js?body=1" for 127.0.0.1 at 2013-05-12 21:17:11 +1000


Started GET "/dashboard" for 127.0.0.1 at 2013-05-12 21:17:42 +1000
Processing by DashboardController#index as HTML
  [1m[35mChallenge Load (0.2ms)[0m  SELECT "challenges".* FROM "challenges" ORDER BY "challenges"."id" ASC LIMIT 1
  Rendered dashboard/index.html.erb within layouts/application (18.3ms)
Completed 200 OK in 30ms (Views: 27.7ms | ActiveRecord: 0.2ms)


Started GET "/assets/application.css?body=1" for 127.0.0.1 at 2013-05-12 21:17:42 +1000


Started GET "/assets/challenges.css?body=1" for 127.0.0.1 at 2013-05-12 21:17:42 +1000


Started GET "/assets/dashboard.css?body=1" for 127.0.0.1 at 2013-05-12 21:17:42 +1000


Started GET "/assets/jquery.js?body=1" for 127.0.0.1 at 2013-05-12 21:17:42 +1000


Started GET "/assets/jquery_ujs.js?body=1" for 127.0.0.1 at 2013-05-12 21:17:42 +1000


Started GET "/assets/turbolinks.js?body=1" for 127.0.0.1 at 2013-05-12 21:17:42 +1000


Started GET "/assets/challenges.js?body=1" for 127.0.0.1 at 2013-05-12 21:17:42 +1000


Started GET "/assets/dashboard.js?body=1" for 127.0.0.1 at 2013-05-12 21:17:42 +1000


Started GET "/assets/application.js?body=1" for 127.0.0.1 at 2013-05-12 21:17:42 +1000


Started GET "/dashboard" for 127.0.0.1 at 2013-05-12 21:19:58 +1000
Processing by DashboardController#index as HTML
  [1m[36mChallenge Load (0.2ms)[0m  [1mSELECT "challenges".* FROM "challenges" ORDER BY "challenges"."id" ASC LIMIT 1[0m
  Rendered dashboard/index.html.erb within layouts/application (1.2ms)
Completed 200 OK in 42ms (Views: 39.8ms | ActiveRecord: 0.2ms)


Started GET "/assets/application.css?body=1" for 127.0.0.1 at 2013-05-12 21:19:58 +1000


Started GET "/assets/challenges.css?body=1" for 127.0.0.1 at 2013-05-12 21:19:59 +1000


Started GET "/assets/turbolinks.js?body=1" for 127.0.0.1 at 2013-05-12 21:19:59 +1000


Started GET "/assets/jquery.js?body=1" for 127.0.0.1 at 2013-05-12 21:19:59 +1000


Started GET "/assets/jquery_ujs.js?body=1" for 127.0.0.1 at 2013-05-12 21:19:59 +1000


Started GET "/assets/dashboard.css?body=1" for 127.0.0.1 at 2013-05-12 21:19:59 +1000


Started GET "/assets/challenges.js?body=1" for 127.0.0.1 at 2013-05-12 21:19:59 +1000


Started GET "/assets/dashboard.js?body=1" for 127.0.0.1 at 2013-05-12 21:19:59 +1000


Started GET "/assets/application.js?body=1" for 127.0.0.1 at 2013-05-12 21:19:59 +1000


Started GET "/dashboard" for 127.0.0.1 at 2013-05-12 21:20:07 +1000
Processing by DashboardController#index as HTML
  [1m[35mChallenge Load (0.3ms)[0m  SELECT "challenges".* FROM "challenges" ORDER BY "challenges"."id" ASC LIMIT 1
  Rendered dashboard/index.html.erb within layouts/application (1.5ms)
Completed 200 OK in 13ms (Views: 9.7ms | ActiveRecord: 0.3ms)


Started GET "/assets/challenges.css?body=1" for 127.0.0.1 at 2013-05-12 21:20:07 +1000


Started GET "/assets/application.css?body=1" for 127.0.0.1 at 2013-05-12 21:20:07 +1000


Started GET "/assets/dashboard.css?body=1" for 127.0.0.1 at 2013-05-12 21:20:07 +1000


Started GET "/assets/turbolinks.js?body=1" for 127.0.0.1 at 2013-05-12 21:20:07 +1000


Started GET "/assets/jquery_ujs.js?body=1" for 127.0.0.1 at 2013-05-12 21:20:07 +1000


Started GET "/assets/jquery.js?body=1" for 127.0.0.1 at 2013-05-12 21:20:08 +1000


Started GET "/assets/challenges.js?body=1" for 127.0.0.1 at 2013-05-12 21:20:08 +1000


Started GET "/assets/dashboard.js?body=1" for 127.0.0.1 at 2013-05-12 21:20:08 +1000


Started GET "/assets/application.js?body=1" for 127.0.0.1 at 2013-05-12 21:20:08 +1000


Started GET "/dashboard" for 127.0.0.1 at 2013-05-12 21:23:44 +1000
Processing by DashboardController#index as HTML
  [1m[36mChallenge Load (0.2ms)[0m  [1mSELECT "challenges".* FROM "challenges" ORDER BY "challenges"."id" ASC LIMIT 1[0m
  Rendered dashboard/index.html.erb within layouts/application (134.8ms)
Completed 200 OK in 144ms (Views: 142.1ms | ActiveRecord: 0.2ms)


Started GET "/assets/application.css?body=1" for 127.0.0.1 at 2013-05-12 21:23:44 +1000


Started GET "/assets/challenges.css?body=1" for 127.0.0.1 at 2013-05-12 21:23:44 +1000


Started GET "/assets/jquery.js?body=1" for 127.0.0.1 at 2013-05-12 21:23:44 +1000


Started GET "/assets/turbolinks.js?body=1" for 127.0.0.1 at 2013-05-12 21:23:44 +1000


Started GET "/assets/jquery_ujs.js?body=1" for 127.0.0.1 at 2013-05-12 21:23:44 +1000


Started GET "/assets/dashboard.css?body=1" for 127.0.0.1 at 2013-05-12 21:23:44 +1000


Started GET "/assets/challenges.js?body=1" for 127.0.0.1 at 2013-05-12 21:23:44 +1000


Started GET "/assets/dashboard.js?body=1" for 127.0.0.1 at 2013-05-12 21:23:44 +1000


Started GET "/assets/application.js?body=1" for 127.0.0.1 at 2013-05-12 21:23:44 +1000


Started GET "/dashboard" for 127.0.0.1 at 2013-05-12 21:24:42 +1000
Processing by DashboardController#index as HTML
  [1m[35mChallenge Load (0.2ms)[0m  SELECT "challenges".* FROM "challenges" ORDER BY "challenges"."id" ASC LIMIT 1
  Rendered dashboard/index.html.erb within layouts/application (1.4ms)
Completed 200 OK in 11ms (Views: 8.9ms | ActiveRecord: 0.2ms)


Started GET "/assets/application.css?body=1" for 127.0.0.1 at 2013-05-12 21:24:42 +1000


Started GET "/assets/challenges.css?body=1" for 127.0.0.1 at 2013-05-12 21:24:42 +1000


Started GET "/assets/jquery_ujs.js?body=1" for 127.0.0.1 at 2013-05-12 21:24:43 +1000


Started GET "/assets/dashboard.css?body=1" for 127.0.0.1 at 2013-05-12 21:24:43 +1000


Started GET "/assets/jquery.js?body=1" for 127.0.0.1 at 2013-05-12 21:24:43 +1000


Started GET "/assets/turbolinks.js?body=1" for 127.0.0.1 at 2013-05-12 21:24:43 +1000


Started GET "/assets/challenges.js?body=1" for 127.0.0.1 at 2013-05-12 21:24:43 +1000


Started GET "/assets/dashboard.js?body=1" for 127.0.0.1 at 2013-05-12 21:24:43 +1000


Started GET "/assets/application.js?body=1" for 127.0.0.1 at 2013-05-12 21:24:43 +1000


Started GET "/dashboard" for 127.0.0.1 at 2013-05-12 21:28:07 +1000
Processing by DashboardController#index as HTML
  [1m[36mChallenge Load (0.3ms)[0m  [1mSELECT "challenges".* FROM "challenges" ORDER BY "challenges"."id" ASC LIMIT 1[0m
  Rendered dashboard/index.html.erb within layouts/application (0.5ms)
Completed 200 OK in 50ms (Views: 48.1ms | ActiveRecord: 0.3ms)


Started GET "/assets/challenges.css?body=1" for 127.0.0.1 at 2013-05-12 21:28:08 +1000


Started GET "/assets/jquery_ujs.js?body=1" for 127.0.0.1 at 2013-05-12 21:28:08 +1000


Started GET "/assets/turbolinks.js?body=1" for 127.0.0.1 at 2013-05-12 21:28:08 +1000


Started GET "/assets/dashboard.css?body=1" for 127.0.0.1 at 2013-05-12 21:28:08 +1000


Started GET "/assets/application.css?body=1" for 127.0.0.1 at 2013-05-12 21:28:08 +1000


Started GET "/assets/jquery.js?body=1" for 127.0.0.1 at 2013-05-12 21:28:08 +1000


Started GET "/assets/challenges.js?body=1" for 127.0.0.1 at 2013-05-12 21:28:08 +1000


Started GET "/assets/dashboard.js?body=1" for 127.0.0.1 at 2013-05-12 21:28:08 +1000


Started GET "/assets/application.js?body=1" for 127.0.0.1 at 2013-05-12 21:28:08 +1000
  [1m[36mChallenge Load (20.7ms)[0m  [1mSELECT "challenges".* FROM "challenges" ORDER BY "challenges"."id" ASC LIMIT 1[0m
  [1m[36mChallenge Load (0.2ms)[0m  [1mSELECT "challenges".* FROM "challenges" ORDER BY "challenges"."id" ASC LIMIT 1[0m
  [1m[35m (0.6ms)[0m  begin transaction
  [1m[36mSQL (42.8ms)[0m  [1mUPDATE "challenges" SET "start_date" = ?, "end_date" = ?, "updated_at" = ? WHERE "challenges"."id" = 1[0m  [["start_date", Wed, 01 May 2013], ["end_date", Fri, 31 May 2013], ["updated_at", Sun, 12 May 2013 11:38:14 UTC +00:00]]
  [1m[35m (1.4ms)[0m  commit transaction


Started GET "/dashboard" for 127.0.0.1 at 2013-05-12 21:38:17 +1000
Processing by DashboardController#index as HTML
  [1m[35mChallenge Load (0.5ms)[0m  SELECT "challenges".* FROM "challenges" ORDER BY "challenges"."id" ASC LIMIT 1
  Rendered dashboard/index.html.erb within layouts/application (3.4ms)
Completed 200 OK in 98ms (Views: 94.4ms | ActiveRecord: 0.5ms)


Started GET "/assets/challenges.css?body=1" for 127.0.0.1 at 2013-05-12 21:38:18 +1000


Started GET "/assets/application.css?body=1" for 127.0.0.1 at 2013-05-12 21:38:18 +1000


Started GET "/assets/dashboard.css?body=1" for 127.0.0.1 at 2013-05-12 21:38:18 +1000


Started GET "/assets/turbolinks.js?body=1" for 127.0.0.1 at 2013-05-12 21:38:18 +1000


Started GET "/assets/jquery_ujs.js?body=1" for 127.0.0.1 at 2013-05-12 21:38:18 +1000


Started GET "/assets/jquery.js?body=1" for 127.0.0.1 at 2013-05-12 21:38:18 +1000


Started GET "/assets/challenges.js?body=1" for 127.0.0.1 at 2013-05-12 21:38:18 +1000


Started GET "/assets/dashboard.js?body=1" for 127.0.0.1 at 2013-05-12 21:38:18 +1000


Started GET "/assets/application.js?body=1" for 127.0.0.1 at 2013-05-12 21:38:18 +1000
